<?xml version="1.0" encoding="UTF-8"?>
<testsuite name="Vec3dTest" tests="1" skipped="0" failures="0" errors="0" timestamp="2023-01-25T16:46:30" hostname="DESKTOP-B4JH4B0" time="0.015">
  <properties/>
  <testcase name="Vec3dNormalizeTest()" classname="Vec3dTest" time="0.015"/>
  <system-out><![CDATA[]]></system-out>
  <system-err><![CDATA[]]></system-err>
</testsuite>
